<?xml version="1.0"?>
<ns2:test-suite xmlns="" xmlns:ns2="urn:model.allure.qatools.yandex.ru" start="1444026064612" stop="1444026077633">
  <name>Some usecase 1</name>
  <title>Some usecase 1</title>
  <test-cases>
    <test-case start="1444026064613" stop="1444026074626" status="failed">
      <name>Some usecase 1 should have some steps</name>
      <title>Some usecase 1 should have some steps</title>
      <failure>
        <message>
expected #&lt;RSpec::Matchers::BuiltIn::Eql:2183185600&gt; =&gt; #&lt;RSpec::Matchers::BuiltIn::Eql:0x00000104418980 @expected=1&gt;
     got #&lt;Fixnum:1&gt; =&gt; 0

Compared using equal?, which compares object identity,
but expected and actual are not the same object. Use
`expect(actual).to eq(expected)` if you don't care about
object identity in this example.

</message>
        <stack-trace>/Users/sakib/.rvm/gems/ruby-2.1.0/gems/rspec-expectations-3.2.0/lib/rspec/expectations/fail_with.rb:29:in `fail_with'&#xD;
/Users/sakib/.rvm/gems/ruby-2.1.0/gems/rspec-expectations-3.2.0/lib/rspec/expectations/handler.rb:38:in `handle_failure'&#xD;
/Users/sakib/.rvm/gems/ruby-2.1.0/gems/rspec-expectations-3.2.0/lib/rspec/expectations/handler.rb:50:in `block in handle_matcher'&#xD;
/Users/sakib/.rvm/gems/ruby-2.1.0/gems/rspec-expectations-3.2.0/lib/rspec/expectations/handler.rb:27:in `with_matcher'&#xD;
/Users/sakib/.rvm/gems/ruby-2.1.0/gems/rspec-expectations-3.2.0/lib/rspec/expectations/handler.rb:48:in `handle_matcher'&#xD;
/Users/sakib/.rvm/gems/ruby-2.1.0/gems/rspec-expectations-3.2.0/lib/rspec/expectations/expectation_target.rb:54:in `to'&#xD;
/Users/sakib/Desktop/dd/rspec-allure/spec/test_feature_1/some_steps_spec.rb:21:in `block (3 levels) in &lt;top (required)&gt;'&#xD;
/Users/sakib/.rvm/gems/ruby-2.1.0/gems/allure-rspec-0.6.9/lib/allure-rspec/dsl.rb:51:in `block in __with_step'&#xD;
/Users/sakib/.rvm/gems/ruby-2.1.0/gems/allure-rspec-0.6.9/lib/allure-rspec/dsl.rb:47:in `synchronize'&#xD;
/Users/sakib/.rvm/gems/ruby-2.1.0/gems/allure-rspec-0.6.9/lib/allure-rspec/dsl.rb:47:in `__with_step'&#xD;
/Users/sakib/.rvm/gems/ruby-2.1.0/gems/allure-rspec-0.6.9/lib/allure-rspec/dsl.rb:20:in `step'&#xD;
/Users/sakib/Desktop/dd/rspec-allure/spec/test_feature_1/some_steps_spec.rb:19:in `block (2 levels) in &lt;top (required)&gt;'&#xD;
/Users/sakib/.rvm/gems/ruby-2.1.0/gems/rspec-core-3.2.0/lib/rspec/core/example.rb:177:in `instance_exec'&#xD;
/Users/sakib/.rvm/gems/ruby-2.1.0/gems/rspec-core-3.2.0/lib/rspec/core/example.rb:177:in `block in run'&#xD;
/Users/sakib/.rvm/gems/ruby-2.1.0/gems/rspec-core-3.2.0/lib/rspec/core/example.rb:385:in `block in with_around_and_singleton_context_hooks'&#xD;
/Users/sakib/.rvm/gems/ruby-2.1.0/gems/rspec-core-3.2.0/lib/rspec/core/example.rb:343:in `block in with_around_example_hooks'&#xD;
/Users/sakib/.rvm/gems/ruby-2.1.0/gems/rspec-core-3.2.0/lib/rspec/core/hooks.rb:474:in `block in run'&#xD;
/Users/sakib/.rvm/gems/ruby-2.1.0/gems/rspec-core-3.2.0/lib/rspec/core/hooks.rb:612:in `run_around_example_hooks_for'&#xD;
/Users/sakib/.rvm/gems/ruby-2.1.0/gems/rspec-core-3.2.0/lib/rspec/core/hooks.rb:474:in `run'&#xD;
/Users/sakib/.rvm/gems/ruby-2.1.0/gems/allure-rspec-0.6.9/lib/allure-rspec/hooks.rb:31:in `run'&#xD;
/Users/sakib/.rvm/gems/ruby-2.1.0/gems/rspec-core-3.2.0/lib/rspec/core/example.rb:343:in `with_around_example_hooks'&#xD;
/Users/sakib/.rvm/gems/ruby-2.1.0/gems/rspec-core-3.2.0/lib/rspec/core/example.rb:385:in `with_around_and_singleton_context_hooks'&#xD;
/Users/sakib/.rvm/gems/ruby-2.1.0/gems/rspec-core-3.2.0/lib/rspec/core/example.rb:174:in `run'&#xD;
/Users/sakib/.rvm/gems/ruby-2.1.0/gems/rspec-core-3.2.0/lib/rspec/core/example_group.rb:548:in `block in run_examples'&#xD;
/Users/sakib/.rvm/gems/ruby-2.1.0/gems/rspec-core-3.2.0/lib/rspec/core/example_group.rb:544:in `map'&#xD;
/Users/sakib/.rvm/gems/ruby-2.1.0/gems/rspec-core-3.2.0/lib/rspec/core/example_group.rb:544:in `run_examples'&#xD;
/Users/sakib/.rvm/gems/ruby-2.1.0/gems/rspec-core-3.2.0/lib/rspec/core/example_group.rb:512:in `run'&#xD;
/Users/sakib/.rvm/gems/ruby-2.1.0/gems/rspec-core-3.2.0/lib/rspec/core/runner.rb:110:in `block (3 levels) in run_specs'&#xD;
/Users/sakib/.rvm/gems/ruby-2.1.0/gems/rspec-core-3.2.0/lib/rspec/core/runner.rb:110:in `map'&#xD;
/Users/sakib/.rvm/gems/ruby-2.1.0/gems/rspec-core-3.2.0/lib/rspec/core/runner.rb:110:in `block (2 levels) in run_specs'&#xD;
/Users/sakib/.rvm/gems/ruby-2.1.0/gems/rspec-core-3.2.0/lib/rspec/core/configuration.rb:1526:in `with_suite_hooks'&#xD;
/Users/sakib/.rvm/gems/ruby-2.1.0/gems/rspec-core-3.2.0/lib/rspec/core/runner.rb:109:in `block in run_specs'&#xD;
/Users/sakib/.rvm/gems/ruby-2.1.0/gems/rspec-core-3.2.0/lib/rspec/core/reporter.rb:62:in `report'&#xD;
/Users/sakib/.rvm/gems/ruby-2.1.0/gems/rspec-core-3.2.0/lib/rspec/core/runner.rb:108:in `run_specs'&#xD;
/Users/sakib/.rvm/gems/ruby-2.1.0/gems/rspec-core-3.2.0/lib/rspec/core/runner.rb:86:in `run'&#xD;
/Users/sakib/.rvm/gems/ruby-2.1.0/gems/rspec-core-3.2.0/lib/rspec/core/runner.rb:70:in `run'&#xD;
/Users/sakib/.rvm/gems/ruby-2.1.0/gems/rspec-core-3.2.0/lib/rspec/core/runner.rb:38:in `invoke'&#xD;
/Users/sakib/.rvm/gems/ruby-2.1.0/gems/rspec-core-3.2.0/exe/rspec:4:in `&lt;top (required)&gt;'&#xD;
/Users/sakib/.rvm/gems/ruby-2.1.0/bin/rspec:23:in `load'&#xD;
/Users/sakib/.rvm/gems/ruby-2.1.0/bin/rspec:23:in `&lt;main&gt;'&#xD;
/Users/sakib/.rvm/gems/ruby-2.1.0/bin/ruby_executable_hooks:15:in `eval'&#xD;
/Users/sakib/.rvm/gems/ruby-2.1.0/bin/ruby_executable_hooks:15:in `&lt;main&gt;'</stack-trace>
      </failure>
      <steps>
        <step start="1444026068619" stop="1444026070623" status="passed">
          <name>step1</name>
          <title>step1</title>
          <attachments/>
        </step>
        <step start="1444026070623" stop="1444026074625" status="failed">
          <name>step2</name>
          <title>step2</title>
          <attachments/>
        </step>
      </steps>
      <attachments>
        <attachment source="e3b0c44298fc1c149afbf4c8996fb92427ae41e4649b934ca495991b7852b855-attachment" title="test-file1" size="0" type="text/plain"/>
      </attachments>
      <labels>
        <label name="feature" value="Some steps spec"/>
        <label name="severity" value="normal"/>
        <label name="thread" value="2156059640"/>
        <label name="host" value="Sakibs-MacBook-Pro.local"/>
        <label name="story" value="first story"/>
        <label name="story" value="first another story"/>
      </labels>
      <parameters/>
    </test-case>
    <test-case start="1444026074626" stop="1444026077632" status="failed">
      <name>Some usecase 1 string 'aaa' cannot be equal to string 'bbb'</name>
      <title>Some usecase 1 string 'aaa' cannot be equal to string 'bbb'</title>
      <failure>
        <message>
expected #&lt;RSpec::Matchers::BuiltIn::Eql:2183170240&gt; =&gt; #&lt;RSpec::Matchers::BuiltIn::Eql:0x00000104411180 @expected="bbb"&gt;
     got #&lt;String:2183170380&gt; =&gt; "aaa"

Compared using equal?, which compares object identity,
but expected and actual are not the same object. Use
`expect(actual).to eq(expected)` if you don't care about
object identity in this example.


Diff:
@@ -1,2 +1,2 @@
-(eql "bbb")
+"aaa"
</message>
        <stack-trace>/Users/sakib/.rvm/gems/ruby-2.1.0/gems/rspec-expectations-3.2.0/lib/rspec/expectations/fail_with.rb:29:in `fail_with'&#xD;
/Users/sakib/.rvm/gems/ruby-2.1.0/gems/rspec-expectations-3.2.0/lib/rspec/expectations/handler.rb:38:in `handle_failure'&#xD;
/Users/sakib/.rvm/gems/ruby-2.1.0/gems/rspec-expectations-3.2.0/lib/rspec/expectations/handler.rb:50:in `block in handle_matcher'&#xD;
/Users/sakib/.rvm/gems/ruby-2.1.0/gems/rspec-expectations-3.2.0/lib/rspec/expectations/handler.rb:27:in `with_matcher'&#xD;
/Users/sakib/.rvm/gems/ruby-2.1.0/gems/rspec-expectations-3.2.0/lib/rspec/expectations/handler.rb:48:in `handle_matcher'&#xD;
/Users/sakib/.rvm/gems/ruby-2.1.0/gems/rspec-expectations-3.2.0/lib/rspec/expectations/expectation_target.rb:54:in `to'&#xD;
/Users/sakib/Desktop/dd/rspec-allure/spec/test_feature_1/some_steps_spec.rb:28:in `block (2 levels) in &lt;top (required)&gt;'&#xD;
/Users/sakib/.rvm/gems/ruby-2.1.0/gems/rspec-core-3.2.0/lib/rspec/core/example.rb:177:in `instance_exec'&#xD;
/Users/sakib/.rvm/gems/ruby-2.1.0/gems/rspec-core-3.2.0/lib/rspec/core/example.rb:177:in `block in run'&#xD;
/Users/sakib/.rvm/gems/ruby-2.1.0/gems/rspec-core-3.2.0/lib/rspec/core/example.rb:385:in `block in with_around_and_singleton_context_hooks'&#xD;
/Users/sakib/.rvm/gems/ruby-2.1.0/gems/rspec-core-3.2.0/lib/rspec/core/example.rb:343:in `block in with_around_example_hooks'&#xD;
/Users/sakib/.rvm/gems/ruby-2.1.0/gems/rspec-core-3.2.0/lib/rspec/core/hooks.rb:474:in `block in run'&#xD;
/Users/sakib/.rvm/gems/ruby-2.1.0/gems/rspec-core-3.2.0/lib/rspec/core/hooks.rb:612:in `run_around_example_hooks_for'&#xD;
/Users/sakib/.rvm/gems/ruby-2.1.0/gems/rspec-core-3.2.0/lib/rspec/core/hooks.rb:474:in `run'&#xD;
/Users/sakib/.rvm/gems/ruby-2.1.0/gems/allure-rspec-0.6.9/lib/allure-rspec/hooks.rb:31:in `run'&#xD;
/Users/sakib/.rvm/gems/ruby-2.1.0/gems/rspec-core-3.2.0/lib/rspec/core/example.rb:343:in `with_around_example_hooks'&#xD;
/Users/sakib/.rvm/gems/ruby-2.1.0/gems/rspec-core-3.2.0/lib/rspec/core/example.rb:385:in `with_around_and_singleton_context_hooks'&#xD;
/Users/sakib/.rvm/gems/ruby-2.1.0/gems/rspec-core-3.2.0/lib/rspec/core/example.rb:174:in `run'&#xD;
/Users/sakib/.rvm/gems/ruby-2.1.0/gems/rspec-core-3.2.0/lib/rspec/core/example_group.rb:548:in `block in run_examples'&#xD;
/Users/sakib/.rvm/gems/ruby-2.1.0/gems/rspec-core-3.2.0/lib/rspec/core/example_group.rb:544:in `map'&#xD;
/Users/sakib/.rvm/gems/ruby-2.1.0/gems/rspec-core-3.2.0/lib/rspec/core/example_group.rb:544:in `run_examples'&#xD;
/Users/sakib/.rvm/gems/ruby-2.1.0/gems/rspec-core-3.2.0/lib/rspec/core/example_group.rb:512:in `run'&#xD;
/Users/sakib/.rvm/gems/ruby-2.1.0/gems/rspec-core-3.2.0/lib/rspec/core/runner.rb:110:in `block (3 levels) in run_specs'&#xD;
/Users/sakib/.rvm/gems/ruby-2.1.0/gems/rspec-core-3.2.0/lib/rspec/core/runner.rb:110:in `map'&#xD;
/Users/sakib/.rvm/gems/ruby-2.1.0/gems/rspec-core-3.2.0/lib/rspec/core/runner.rb:110:in `block (2 levels) in run_specs'&#xD;
/Users/sakib/.rvm/gems/ruby-2.1.0/gems/rspec-core-3.2.0/lib/rspec/core/configuration.rb:1526:in `with_suite_hooks'&#xD;
/Users/sakib/.rvm/gems/ruby-2.1.0/gems/rspec-core-3.2.0/lib/rspec/core/runner.rb:109:in `block in run_specs'&#xD;
/Users/sakib/.rvm/gems/ruby-2.1.0/gems/rspec-core-3.2.0/lib/rspec/core/reporter.rb:62:in `report'&#xD;
/Users/sakib/.rvm/gems/ruby-2.1.0/gems/rspec-core-3.2.0/lib/rspec/core/runner.rb:108:in `run_specs'&#xD;
/Users/sakib/.rvm/gems/ruby-2.1.0/gems/rspec-core-3.2.0/lib/rspec/core/runner.rb:86:in `run'&#xD;
/Users/sakib/.rvm/gems/ruby-2.1.0/gems/rspec-core-3.2.0/lib/rspec/core/runner.rb:70:in `run'&#xD;
/Users/sakib/.rvm/gems/ruby-2.1.0/gems/rspec-core-3.2.0/lib/rspec/core/runner.rb:38:in `invoke'&#xD;
/Users/sakib/.rvm/gems/ruby-2.1.0/gems/rspec-core-3.2.0/exe/rspec:4:in `&lt;top (required)&gt;'&#xD;
/Users/sakib/.rvm/gems/ruby-2.1.0/bin/rspec:23:in `load'&#xD;
/Users/sakib/.rvm/gems/ruby-2.1.0/bin/rspec:23:in `&lt;main&gt;'&#xD;
/Users/sakib/.rvm/gems/ruby-2.1.0/bin/ruby_executable_hooks:15:in `eval'&#xD;
/Users/sakib/.rvm/gems/ruby-2.1.0/bin/ruby_executable_hooks:15:in `&lt;main&gt;'</stack-trace>
      </failure>
      <steps/>
      <attachments/>
      <labels>
        <label name="feature" value="Some steps spec"/>
        <label name="severity" value="critical"/>
        <label name="thread" value="2156059640"/>
        <label name="host" value="Sakibs-MacBook-Pro.local"/>
        <label name="story" value="second story"/>
      </labels>
      <parameters/>
    </test-case>
    <test-case start="1444026077633" stop="1444026077633" status="broken">
      <name>Some usecase 1 must be broken test case</name>
      <title>Some usecase 1 must be broken test case</title>
      <failure>
        <message>Unexpected exception</message>
        <stack-trace>/Users/sakib/Desktop/dd/rspec-allure/spec/test_feature_1/some_steps_spec.rb:33:in `block (2 levels) in &lt;top (required)&gt;'&#xD;
/Users/sakib/.rvm/gems/ruby-2.1.0/gems/rspec-core-3.2.0/lib/rspec/core/example.rb:177:in `instance_exec'&#xD;
/Users/sakib/.rvm/gems/ruby-2.1.0/gems/rspec-core-3.2.0/lib/rspec/core/example.rb:177:in `block in run'&#xD;
/Users/sakib/.rvm/gems/ruby-2.1.0/gems/rspec-core-3.2.0/lib/rspec/core/example.rb:385:in `block in with_around_and_singleton_context_hooks'&#xD;
/Users/sakib/.rvm/gems/ruby-2.1.0/gems/rspec-core-3.2.0/lib/rspec/core/example.rb:343:in `block in with_around_example_hooks'&#xD;
/Users/sakib/.rvm/gems/ruby-2.1.0/gems/rspec-core-3.2.0/lib/rspec/core/hooks.rb:474:in `block in run'&#xD;
/Users/sakib/.rvm/gems/ruby-2.1.0/gems/rspec-core-3.2.0/lib/rspec/core/hooks.rb:612:in `run_around_example_hooks_for'&#xD;
/Users/sakib/.rvm/gems/ruby-2.1.0/gems/rspec-core-3.2.0/lib/rspec/core/hooks.rb:474:in `run'&#xD;
/Users/sakib/.rvm/gems/ruby-2.1.0/gems/allure-rspec-0.6.9/lib/allure-rspec/hooks.rb:31:in `run'&#xD;
/Users/sakib/.rvm/gems/ruby-2.1.0/gems/rspec-core-3.2.0/lib/rspec/core/example.rb:343:in `with_around_example_hooks'&#xD;
/Users/sakib/.rvm/gems/ruby-2.1.0/gems/rspec-core-3.2.0/lib/rspec/core/example.rb:385:in `with_around_and_singleton_context_hooks'&#xD;
/Users/sakib/.rvm/gems/ruby-2.1.0/gems/rspec-core-3.2.0/lib/rspec/core/example.rb:174:in `run'&#xD;
/Users/sakib/.rvm/gems/ruby-2.1.0/gems/rspec-core-3.2.0/lib/rspec/core/example_group.rb:548:in `block in run_examples'&#xD;
/Users/sakib/.rvm/gems/ruby-2.1.0/gems/rspec-core-3.2.0/lib/rspec/core/example_group.rb:544:in `map'&#xD;
/Users/sakib/.rvm/gems/ruby-2.1.0/gems/rspec-core-3.2.0/lib/rspec/core/example_group.rb:544:in `run_examples'&#xD;
/Users/sakib/.rvm/gems/ruby-2.1.0/gems/rspec-core-3.2.0/lib/rspec/core/example_group.rb:512:in `run'&#xD;
/Users/sakib/.rvm/gems/ruby-2.1.0/gems/rspec-core-3.2.0/lib/rspec/core/runner.rb:110:in `block (3 levels) in run_specs'&#xD;
/Users/sakib/.rvm/gems/ruby-2.1.0/gems/rspec-core-3.2.0/lib/rspec/core/runner.rb:110:in `map'&#xD;
/Users/sakib/.rvm/gems/ruby-2.1.0/gems/rspec-core-3.2.0/lib/rspec/core/runner.rb:110:in `block (2 levels) in run_specs'&#xD;
/Users/sakib/.rvm/gems/ruby-2.1.0/gems/rspec-core-3.2.0/lib/rspec/core/configuration.rb:1526:in `with_suite_hooks'&#xD;
/Users/sakib/.rvm/gems/ruby-2.1.0/gems/rspec-core-3.2.0/lib/rspec/core/runner.rb:109:in `block in run_specs'&#xD;
/Users/sakib/.rvm/gems/ruby-2.1.0/gems/rspec-core-3.2.0/lib/rspec/core/reporter.rb:62:in `report'&#xD;
/Users/sakib/.rvm/gems/ruby-2.1.0/gems/rspec-core-3.2.0/lib/rspec/core/runner.rb:108:in `run_specs'&#xD;
/Users/sakib/.rvm/gems/ruby-2.1.0/gems/rspec-core-3.2.0/lib/rspec/core/runner.rb:86:in `run'&#xD;
/Users/sakib/.rvm/gems/ruby-2.1.0/gems/rspec-core-3.2.0/lib/rspec/core/runner.rb:70:in `run'&#xD;
/Users/sakib/.rvm/gems/ruby-2.1.0/gems/rspec-core-3.2.0/lib/rspec/core/runner.rb:38:in `invoke'&#xD;
/Users/sakib/.rvm/gems/ruby-2.1.0/gems/rspec-core-3.2.0/exe/rspec:4:in `&lt;top (required)&gt;'&#xD;
/Users/sakib/.rvm/gems/ruby-2.1.0/bin/rspec:23:in `load'&#xD;
/Users/sakib/.rvm/gems/ruby-2.1.0/bin/rspec:23:in `&lt;main&gt;'&#xD;
/Users/sakib/.rvm/gems/ruby-2.1.0/bin/ruby_executable_hooks:15:in `eval'&#xD;
/Users/sakib/.rvm/gems/ruby-2.1.0/bin/ruby_executable_hooks:15:in `&lt;main&gt;'</stack-trace>
      </failure>
      <steps/>
      <attachments/>
      <labels>
        <label name="feature" value="Some steps spec"/>
        <label name="severity" value="normal"/>
        <label name="thread" value="2156059640"/>
        <label name="host" value="Sakibs-MacBook-Pro.local"/>
      </labels>
      <parameters/>
    </test-case>
  </test-cases>
  <labels>
    <label name="feature" value="Some steps spec"/>
    <label name="severity" value="normal"/>
    <label name="thread" value="2156059640"/>
    <label name="host" value="Sakibs-MacBook-Pro.local"/>
  </labels>
</ns2:test-suite>
